2022-12-29 08:00:39.169  INFO 6068 --- [main] g.p.ProcessarAutorizacaoVendaApplication : Starting ProcessarAutorizacaoVendaApplication using Java 17.0.5 on DATUM-NBB0339 with PID 6068 (C:\Users\colaboradordatum\Desktop\Desafio\processar-autorizacao-venda\target\classes started by colaboradordatum in C:\Users\colaboradordatum\Desktop\Desafio\processar-autorizacao-venda)
2022-12-29 08:00:39.191  INFO 6068 --- [main] g.p.ProcessarAutorizacaoVendaApplication : No active profile set, falling back to 1 default profile: "default"
2022-12-29 08:00:41.577  INFO 6068 --- [main] .s.d.r.c.RepositoryConfigurationDelegate : Bootstrapping Spring Data JPA repositories in DEFAULT mode.
2022-12-29 08:00:41.617  INFO 6068 --- [main] .s.d.r.c.RepositoryConfigurationDelegate : Finished Spring Data repository scanning in 17 ms. Found 0 JPA repository interfaces.
2022-12-29 08:00:42.186  INFO 6068 --- [main] o.s.cloud.context.scope.GenericScope     : BeanFactory id=645d77e2-dc60-387b-8f7d-a2dc16c4550f
2022-12-29 08:00:43.310  INFO 6068 --- [main] o.s.b.w.embedded.tomcat.TomcatWebServer  : Tomcat initialized with port(s): 0 (http)
2022-12-29 08:00:43.326  INFO 6068 --- [main] o.apache.catalina.core.StandardService   : Starting service [Tomcat]
2022-12-29 08:00:43.326  INFO 6068 --- [main] org.apache.catalina.core.StandardEngine  : Starting Servlet engine: [Apache Tomcat/9.0.60]
2022-12-29 08:00:43.647  INFO 6068 --- [main] o.a.c.c.C.[Tomcat].[localhost].[/]       : Initializing Spring embedded WebApplicationContext
2022-12-29 08:00:43.647  INFO 6068 --- [main] w.s.c.ServletWebServerApplicationContext : Root WebApplicationContext: initialization completed in 4326 ms
2022-12-29 08:00:43.861  INFO 6068 --- [main] com.zaxxer.hikari.HikariDataSource       : HikariPool-1 - Starting...
2022-12-29 08:00:44.204  INFO 6068 --- [main] com.zaxxer.hikari.HikariDataSource       : HikariPool-1 - Start completed.
2022-12-29 08:00:44.331  INFO 6068 --- [main] o.hibernate.jpa.internal.util.LogHelper  : HHH000204: Processing PersistenceUnitInfo [name: default]
2022-12-29 08:00:44.443  INFO 6068 --- [main] org.hibernate.Version                    : HHH000412: Hibernate ORM core version 5.6.7.Final
2022-12-29 08:00:44.682  INFO 6068 --- [main] o.hibernate.annotations.common.Version   : HCANN000001: Hibernate Commons Annotations {5.1.2.Final}
2022-12-29 08:00:44.876  INFO 6068 --- [main] org.hibernate.dialect.Dialect            : HHH000400: Using dialect: org.hibernate.dialect.H2Dialect
2022-12-29 08:00:45.121  INFO 6068 --- [main] o.h.e.t.j.p.i.JtaPlatformInitiator       : HHH000490: Using JtaPlatform implementation: [org.hibernate.engine.transaction.jta.platform.internal.NoJtaPlatform]
2022-12-29 08:00:45.129  INFO 6068 --- [main] j.LocalContainerEntityManagerFactoryBean : Initialized JPA EntityManagerFactory for persistence unit 'default'
2022-12-29 08:00:45.358  WARN 6068 --- [main] JpaBaseConfiguration$JpaWebConfiguration : spring.jpa.open-in-view is enabled by default. Therefore, database queries may be performed during view rendering. Explicitly configure spring.jpa.open-in-view to disable this warning
2022-12-29 08:00:48.330  INFO 6068 --- [main] DiscoveryClientOptionalArgsConfiguration : Eureka HTTP Client uses RestTemplate.
2022-12-29 08:00:48.578  WARN 6068 --- [main] iguration$LoadBalancerCaffeineWarnLogger : Spring Cloud LoadBalancer is currently working with the default cache. While this cache implementation is useful for development and tests, it's recommended to use Caffeine cache in production.You can switch to using Caffeine cache, by adding it and org.springframework.cache.caffeine.CaffeineCacheManager to the classpath.
2022-12-29 08:00:48.627  INFO 6068 --- [main] o.s.b.w.embedded.tomcat.TomcatWebServer  : Tomcat started on port(s): 64433 (http) with context path ''
2022-12-29 08:00:48.629  INFO 6068 --- [main] .s.c.n.e.s.EurekaAutoServiceRegistration : Updating port to 64433
2022-12-29 08:00:48.635  INFO 6068 --- [main] o.s.c.n.eureka.InstanceInfoFactory       : Setting initial instance status as: STARTING
2022-12-29 08:00:48.734  INFO 6068 --- [main] com.netflix.discovery.DiscoveryClient    : Initializing Eureka in region us-east-1
2022-12-29 08:00:48.740  INFO 6068 --- [main] c.n.d.s.r.aws.ConfigClusterResolver      : Resolving eureka endpoints via configuration
2022-12-29 08:00:48.768  INFO 6068 --- [main] com.netflix.discovery.DiscoveryClient    : Disable delta property : false
2022-12-29 08:00:48.768  INFO 6068 --- [main] com.netflix.discovery.DiscoveryClient    : Single vip registry refresh property : null
2022-12-29 08:00:48.769  INFO 6068 --- [main] com.netflix.discovery.DiscoveryClient    : Force full registry fetch : false
2022-12-29 08:00:48.769  INFO 6068 --- [main] com.netflix.discovery.DiscoveryClient    : Application is null : false
2022-12-29 08:00:48.769  INFO 6068 --- [main] com.netflix.discovery.DiscoveryClient    : Registered Applications size is zero : true
2022-12-29 08:00:48.769  INFO 6068 --- [main] com.netflix.discovery.DiscoveryClient    : Application version is -1: true
2022-12-29 08:00:48.769  INFO 6068 --- [main] com.netflix.discovery.DiscoveryClient    : Getting all instance registry info from the eureka server
2022-12-29 08:00:49.063  INFO 6068 --- [main] com.netflix.discovery.DiscoveryClient    : The response status is 200
2022-12-29 08:00:49.066  INFO 6068 --- [main] com.netflix.discovery.DiscoveryClient    : Starting heartbeat executor: renew interval is: 30
2022-12-29 08:00:49.069  INFO 6068 --- [main] c.n.discovery.InstanceInfoReplicator     : InstanceInfoReplicator onDemand update allowed rate per min is 4
2022-12-29 08:00:49.075  INFO 6068 --- [main] com.netflix.discovery.DiscoveryClient    : Discovery Client initialized at timestamp 1672311649073 with initial instances count: 0
2022-12-29 08:00:49.079  INFO 6068 --- [main] o.s.c.n.e.s.EurekaServiceRegistry        : Registering application PROCESSAR-AUTORIZACAO-VENDA with eureka with status UP
2022-12-29 08:00:49.080  INFO 6068 --- [main] com.netflix.discovery.DiscoveryClient    : Saw local status change event StatusChangeEvent [timestamp=1672311649080, current=UP, previous=STARTING]
2022-12-29 08:00:49.082  INFO 6068 --- [DiscoveryClient-InstanceInfoReplicator-0] com.netflix.discovery.DiscoveryClient    : DiscoveryClient_PROCESSAR-AUTORIZACAO-VENDA/processar-autorizacao-venda:1c98132716cdb60d689593862ecc40c8: registering service...
2022-12-29 08:00:49.132  INFO 6068 --- [DiscoveryClient-InstanceInfoReplicator-0] com.netflix.discovery.DiscoveryClient    : DiscoveryClient_PROCESSAR-AUTORIZACAO-VENDA/processar-autorizacao-venda:1c98132716cdb60d689593862ecc40c8 - registration status: 204
2022-12-29 08:00:49.249  INFO 6068 --- [main] g.p.ProcessarAutorizacaoVendaApplication : Started ProcessarAutorizacaoVendaApplication in 12.532 seconds (JVM running for 14.133)
2022-12-29 08:01:19.076  INFO 6068 --- [DiscoveryClient-CacheRefreshExecutor-0] com.netflix.discovery.DiscoveryClient    : Disable delta property : false
2022-12-29 08:01:19.077  INFO 6068 --- [DiscoveryClient-CacheRefreshExecutor-0] com.netflix.discovery.DiscoveryClient    : Single vip registry refresh property : null
2022-12-29 08:01:19.077  INFO 6068 --- [DiscoveryClient-CacheRefreshExecutor-0] com.netflix.discovery.DiscoveryClient    : Force full registry fetch : false
2022-12-29 08:01:19.077  INFO 6068 --- [DiscoveryClient-CacheRefreshExecutor-0] com.netflix.discovery.DiscoveryClient    : Application is null : false
2022-12-29 08:01:19.077  INFO 6068 --- [DiscoveryClient-CacheRefreshExecutor-0] com.netflix.discovery.DiscoveryClient    : Registered Applications size is zero : true
2022-12-29 08:01:19.077  INFO 6068 --- [DiscoveryClient-CacheRefreshExecutor-0] com.netflix.discovery.DiscoveryClient    : Application version is -1: false
2022-12-29 08:01:19.077  INFO 6068 --- [DiscoveryClient-CacheRefreshExecutor-0] com.netflix.discovery.DiscoveryClient    : Getting all instance registry info from the eureka server
2022-12-29 08:01:19.086  INFO 6068 --- [DiscoveryClient-CacheRefreshExecutor-0] com.netflix.discovery.DiscoveryClient    : The response status is 200
2022-12-29 08:02:38.529  INFO 6068 --- [http-nio-auto-1-exec-1] o.a.c.c.C.[Tomcat].[localhost].[/]       : Initializing Spring DispatcherServlet 'dispatcherServlet'
2022-12-29 08:02:38.530  INFO 6068 --- [http-nio-auto-1-exec-1] o.s.web.servlet.DispatcherServlet        : Initializing Servlet 'dispatcherServlet'
2022-12-29 08:02:38.531  INFO 6068 --- [http-nio-auto-1-exec-1] o.s.web.servlet.DispatcherServlet        : Completed initialization in 1 ms
2022-12-29 08:02:38.619  INFO 6068 --- [http-nio-auto-1-exec-1] u.g.p.rest.ProcessarController           : Serviço UP
2022-12-29 08:05:48.784  INFO 6068 --- [AsyncResolver-bootstrap-executor-0] c.n.d.s.r.aws.ConfigClusterResolver      : Resolving eureka endpoints via configuration
2022-12-29 08:06:46.645  INFO 6068 --- [SpringApplicationShutdownHook] o.s.c.n.e.s.EurekaServiceRegistry        : Unregistering application PROCESSAR-AUTORIZACAO-VENDA with eureka with status DOWN
2022-12-29 08:06:46.645  INFO 6068 --- [SpringApplicationShutdownHook] com.netflix.discovery.DiscoveryClient    : Saw local status change event StatusChangeEvent [timestamp=1672312006645, current=DOWN, previous=UP]
2022-12-29 08:06:46.646  INFO 6068 --- [DiscoveryClient-InstanceInfoReplicator-0] com.netflix.discovery.DiscoveryClient    : DiscoveryClient_PROCESSAR-AUTORIZACAO-VENDA/processar-autorizacao-venda:1c98132716cdb60d689593862ecc40c8: registering service...
2022-12-29 08:06:46.652  INFO 6068 --- [DiscoveryClient-InstanceInfoReplicator-0] com.netflix.discovery.DiscoveryClient    : DiscoveryClient_PROCESSAR-AUTORIZACAO-VENDA/processar-autorizacao-venda:1c98132716cdb60d689593862ecc40c8 - registration status: 204
2022-12-29 08:06:46.674  INFO 6068 --- [SpringApplicationShutdownHook] j.LocalContainerEntityManagerFactoryBean : Closing JPA EntityManagerFactory for persistence unit 'default'
2022-12-29 08:06:46.675  INFO 6068 --- [SpringApplicationShutdownHook] .SchemaDropperImpl$DelayedDropActionImpl : HHH000477: Starting delayed evictData of schema as part of SessionFactory shut-down'
2022-12-29 08:06:46.681  INFO 6068 --- [SpringApplicationShutdownHook] com.zaxxer.hikari.HikariDataSource       : HikariPool-1 - Shutdown initiated...
2022-12-29 08:06:46.685  INFO 6068 --- [SpringApplicationShutdownHook] com.zaxxer.hikari.HikariDataSource       : HikariPool-1 - Shutdown completed.
2022-12-29 08:06:46.685  INFO 6068 --- [SpringApplicationShutdownHook] com.netflix.discovery.DiscoveryClient    : Shutting down DiscoveryClient ...
2022-12-29 08:06:49.689  WARN 6068 --- [DiscoveryClient-0] c.netflix.discovery.TimedSupervisorTask  : task supervisor shutting down, can't accept the task
2022-12-29 08:06:49.690  INFO 6068 --- [SpringApplicationShutdownHook] com.netflix.discovery.DiscoveryClient    : Unregistering ...
2022-12-29 08:06:49.695  INFO 6068 --- [SpringApplicationShutdownHook] com.netflix.discovery.DiscoveryClient    : DiscoveryClient_PROCESSAR-AUTORIZACAO-VENDA/processar-autorizacao-venda:1c98132716cdb60d689593862ecc40c8 - deregister  status: 200
2022-12-29 08:06:49.698  INFO 6068 --- [SpringApplicationShutdownHook] com.netflix.discovery.DiscoveryClient    : Completed shut down of DiscoveryClient
2022-12-29 08:07:11.922  INFO 5708 --- [main] g.p.ProcessarAutorizacaoVendaApplication : Starting ProcessarAutorizacaoVendaApplication using Java 17.0.5 on DATUM-NBB0339 with PID 5708 (C:\Users\colaboradordatum\Desktop\Desafio\processar-autorizacao-venda\target\classes started by colaboradordatum in C:\Users\colaboradordatum\Desktop\Desafio\processar-autorizacao-venda)
2022-12-29 08:07:11.924  INFO 5708 --- [main] g.p.ProcessarAutorizacaoVendaApplication : No active profile set, falling back to 1 default profile: "default"
2022-12-29 08:07:12.693  INFO 5708 --- [main] .s.d.r.c.RepositoryConfigurationDelegate : Bootstrapping Spring Data JPA repositories in DEFAULT mode.
2022-12-29 08:07:12.708  INFO 5708 --- [main] .s.d.r.c.RepositoryConfigurationDelegate : Finished Spring Data repository scanning in 5 ms. Found 0 JPA repository interfaces.
2022-12-29 08:07:12.923  INFO 5708 --- [main] o.s.cloud.context.scope.GenericScope     : BeanFactory id=4e7c04e7-684d-3d61-acba-9cd32ad7b038
2022-12-29 08:07:13.465  INFO 5708 --- [main] o.s.b.w.embedded.tomcat.TomcatWebServer  : Tomcat initialized with port(s): 0 (http)
2022-12-29 08:07:13.474  INFO 5708 --- [main] o.apache.catalina.core.StandardService   : Starting service [Tomcat]
2022-12-29 08:07:13.474  INFO 5708 --- [main] org.apache.catalina.core.StandardEngine  : Starting Servlet engine: [Apache Tomcat/9.0.60]
2022-12-29 08:07:13.615  INFO 5708 --- [main] o.a.c.c.C.[Tomcat].[localhost].[/]       : Initializing Spring embedded WebApplicationContext
2022-12-29 08:07:13.616  INFO 5708 --- [main] w.s.c.ServletWebServerApplicationContext : Root WebApplicationContext: initialization completed in 1651 ms
2022-12-29 08:07:13.745  INFO 5708 --- [main] com.zaxxer.hikari.HikariDataSource       : HikariPool-1 - Starting...
2022-12-29 08:07:13.957  INFO 5708 --- [main] com.zaxxer.hikari.HikariDataSource       : HikariPool-1 - Start completed.
2022-12-29 08:07:14.007  INFO 5708 --- [main] o.hibernate.jpa.internal.util.LogHelper  : HHH000204: Processing PersistenceUnitInfo [name: default]
2022-12-29 08:07:14.069  INFO 5708 --- [main] org.hibernate.Version                    : HHH000412: Hibernate ORM core version 5.6.7.Final
2022-12-29 08:07:14.256  INFO 5708 --- [main] o.hibernate.annotations.common.Version   : HCANN000001: Hibernate Commons Annotations {5.1.2.Final}
2022-12-29 08:07:14.389  INFO 5708 --- [main] org.hibernate.dialect.Dialect            : HHH000400: Using dialect: org.hibernate.dialect.H2Dialect
2022-12-29 08:07:14.631  INFO 5708 --- [main] o.h.e.t.j.p.i.JtaPlatformInitiator       : HHH000490: Using JtaPlatform implementation: [org.hibernate.engine.transaction.jta.platform.internal.NoJtaPlatform]
2022-12-29 08:07:14.641  INFO 5708 --- [main] j.LocalContainerEntityManagerFactoryBean : Initialized JPA EntityManagerFactory for persistence unit 'default'
2022-12-29 08:07:14.862  WARN 5708 --- [main] JpaBaseConfiguration$JpaWebConfiguration : spring.jpa.open-in-view is enabled by default. Therefore, database queries may be performed during view rendering. Explicitly configure spring.jpa.open-in-view to disable this warning
2022-12-29 08:07:16.460  INFO 5708 --- [main] DiscoveryClientOptionalArgsConfiguration : Eureka HTTP Client uses RestTemplate.
2022-12-29 08:07:16.688  WARN 5708 --- [main] iguration$LoadBalancerCaffeineWarnLogger : Spring Cloud LoadBalancer is currently working with the default cache. While this cache implementation is useful for development and tests, it's recommended to use Caffeine cache in production.You can switch to using Caffeine cache, by adding it and org.springframework.cache.caffeine.CaffeineCacheManager to the classpath.
2022-12-29 08:07:16.754  INFO 5708 --- [main] o.s.b.w.embedded.tomcat.TomcatWebServer  : Tomcat started on port(s): 53404 (http) with context path ''
2022-12-29 08:07:16.755  INFO 5708 --- [main] .s.c.n.e.s.EurekaAutoServiceRegistration : Updating port to 53404
2022-12-29 08:07:16.759  INFO 5708 --- [main] o.s.c.n.eureka.InstanceInfoFactory       : Setting initial instance status as: STARTING
2022-12-29 08:07:16.845  INFO 5708 --- [main] com.netflix.discovery.DiscoveryClient    : Initializing Eureka in region us-east-1
2022-12-29 08:07:16.850  INFO 5708 --- [main] c.n.d.s.r.aws.ConfigClusterResolver      : Resolving eureka endpoints via configuration
2022-12-29 08:07:16.870  INFO 5708 --- [main] com.netflix.discovery.DiscoveryClient    : Disable delta property : false
2022-12-29 08:07:16.870  INFO 5708 --- [main] com.netflix.discovery.DiscoveryClient    : Single vip registry refresh property : null
2022-12-29 08:07:16.871  INFO 5708 --- [main] com.netflix.discovery.DiscoveryClient    : Force full registry fetch : false
2022-12-29 08:07:16.871  INFO 5708 --- [main] com.netflix.discovery.DiscoveryClient    : Application is null : false
2022-12-29 08:07:16.871  INFO 5708 --- [main] com.netflix.discovery.DiscoveryClient    : Registered Applications size is zero : true
2022-12-29 08:07:16.871  INFO 5708 --- [main] com.netflix.discovery.DiscoveryClient    : Application version is -1: true
2022-12-29 08:07:16.871  INFO 5708 --- [main] com.netflix.discovery.DiscoveryClient    : Getting all instance registry info from the eureka server
2022-12-29 08:07:17.126  INFO 5708 --- [main] com.netflix.discovery.DiscoveryClient    : The response status is 200
2022-12-29 08:07:17.130  INFO 5708 --- [main] com.netflix.discovery.DiscoveryClient    : Starting heartbeat executor: renew interval is: 30
2022-12-29 08:07:17.146  INFO 5708 --- [main] c.n.discovery.InstanceInfoReplicator     : InstanceInfoReplicator onDemand update allowed rate per min is 4
2022-12-29 08:07:17.152  INFO 5708 --- [main] com.netflix.discovery.DiscoveryClient    : Discovery Client initialized at timestamp 1672312037150 with initial instances count: 3
2022-12-29 08:07:17.172  INFO 5708 --- [main] o.s.c.n.e.s.EurekaServiceRegistry        : Registering application PROCESSAR-AUTORIZACAO-VENDA with eureka with status UP
2022-12-29 08:07:17.172  INFO 5708 --- [main] com.netflix.discovery.DiscoveryClient    : Saw local status change event StatusChangeEvent [timestamp=1672312037172, current=UP, previous=STARTING]
2022-12-29 08:07:17.175  INFO 5708 --- [DiscoveryClient-InstanceInfoReplicator-0] com.netflix.discovery.DiscoveryClient    : DiscoveryClient_PROCESSAR-AUTORIZACAO-VENDA/processar-autorizacao-venda:af1eb0ffd0c81602960d56651db05fa3: registering service...
2022-12-29 08:07:17.215  INFO 5708 --- [DiscoveryClient-InstanceInfoReplicator-0] com.netflix.discovery.DiscoveryClient    : DiscoveryClient_PROCESSAR-AUTORIZACAO-VENDA/processar-autorizacao-venda:af1eb0ffd0c81602960d56651db05fa3 - registration status: 204
2022-12-29 08:07:17.329  INFO 5708 --- [main] o.s.a.r.c.CachingConnectionFactory       : Attempting to connect to: [localhost:5672]
2022-12-29 08:07:17.379  INFO 5708 --- [main] o.s.a.r.c.CachingConnectionFactory       : Created new connection: rabbitConnectionFactory#1da32baf:0/SimpleConnection@62158618 [delegate=amqp://guest@127.0.0.1:5672/, localPort= 53407]
2022-12-29 08:07:17.445  INFO 5708 --- [main] g.p.ProcessarAutorizacaoVendaApplication : Started ProcessarAutorizacaoVendaApplication in 6.138 seconds (JVM running for 6.511)
2022-12-29 08:07:43.283  INFO 5708 --- [http-nio-auto-1-exec-1] o.a.c.c.C.[Tomcat].[localhost].[/]       : Initializing Spring DispatcherServlet 'dispatcherServlet'
2022-12-29 08:07:43.283  INFO 5708 --- [http-nio-auto-1-exec-1] o.s.web.servlet.DispatcherServlet        : Initializing Servlet 'dispatcherServlet'
2022-12-29 08:07:43.285  INFO 5708 --- [http-nio-auto-1-exec-1] o.s.web.servlet.DispatcherServlet        : Completed initialization in 1 ms
2022-12-29 08:07:43.381  INFO 5708 --- [http-nio-auto-1-exec-1] u.g.p.rest.ProcessarController           : Serviço UP
2022-12-29 08:12:16.880  INFO 5708 --- [AsyncResolver-bootstrap-executor-0] c.n.d.s.r.aws.ConfigClusterResolver      : Resolving eureka endpoints via configuration
2022-12-29 08:17:16.888  INFO 5708 --- [AsyncResolver-bootstrap-executor-0] c.n.d.s.r.aws.ConfigClusterResolver      : Resolving eureka endpoints via configuration
2022-12-29 08:22:16.893  INFO 5708 --- [AsyncResolver-bootstrap-executor-0] c.n.d.s.r.aws.ConfigClusterResolver      : Resolving eureka endpoints via configuration
2022-12-29 08:27:16.897  INFO 5708 --- [AsyncResolver-bootstrap-executor-0] c.n.d.s.r.aws.ConfigClusterResolver      : Resolving eureka endpoints via configuration
2022-12-29 08:32:16.912  INFO 5708 --- [AsyncResolver-bootstrap-executor-0] c.n.d.s.r.aws.ConfigClusterResolver      : Resolving eureka endpoints via configuration
2022-12-29 08:37:16.919  INFO 5708 --- [AsyncResolver-bootstrap-executor-0] c.n.d.s.r.aws.ConfigClusterResolver      : Resolving eureka endpoints via configuration
2022-12-29 08:42:16.920  INFO 5708 --- [AsyncResolver-bootstrap-executor-0] c.n.d.s.r.aws.ConfigClusterResolver      : Resolving eureka endpoints via configuration
2022-12-29 08:47:16.934  INFO 5708 --- [AsyncResolver-bootstrap-executor-0] c.n.d.s.r.aws.ConfigClusterResolver      : Resolving eureka endpoints via configuration
2022-12-29 08:52:16.944  INFO 5708 --- [AsyncResolver-bootstrap-executor-0] c.n.d.s.r.aws.ConfigClusterResolver      : Resolving eureka endpoints via configuration
2022-12-29 08:57:16.954  INFO 5708 --- [AsyncResolver-bootstrap-executor-0] c.n.d.s.r.aws.ConfigClusterResolver      : Resolving eureka endpoints via configuration
2022-12-29 09:02:16.967  INFO 5708 --- [AsyncResolver-bootstrap-executor-0] c.n.d.s.r.aws.ConfigClusterResolver      : Resolving eureka endpoints via configuration
